2026/04/23 10:34:35.896771 [22;36m INFO [0minitial log succ. - config.go:249
2026/04/23 10:34:35.896771 [22;36m INFO [0m
    __    ___    __
   / /   /   |  / /
  / /   / /| | / /
 / /___/ ___ |/ /___
/_____/_/  |_/_____/
 - config.go:252
2026/04/23 10:34:35.896771 [22;33m WARN [0mconfig version invalid. conf version of lalserver=v0.4.1, conf version of config file= - config.go:262
2026/04/23 10:34:35.896771 [22;33m WARN [0mconfig some fields do not exist which have been set to the zero value. fields=[conf_version rtmp.addr rtmp.rtmps_enable rtmp.rtmps_addr rtmp.rtmps_cert_file rtmp.rtmps_key_file rtmp.gop_num rtmp.single_gop_max_frame_num rtmp.merge_write_size in_session.add_dummy_audio_enable in_session.add_dummy_audio_wait_audio_ms httpflv.enable httpflv.enable_https httpflv.url_pattern httpflv.gop_num httpflv.single_gop_max_frame_num hls.enable hls.enable_https hls.url_pattern hls.use_memory_as_disk_flag hls.out_path hls.fragment_duration_ms hls.fragment_num hls.delete_threshold hls.cleanup_mode hls.sub_session_timeout_ms hls.sub_session_hash_key httpts.enable httpts.enable_https httpts.url_pattern httpts.gop_num httpts.single_gop_max_frame_num rtsp.addr rtsp.rtsps_enable rtsp.rtsps_addr rtsp.rtsps_cert_file rtsp.rtsps_key_file rtsp.out_wait_key_frame_flag rtsp.ws_rtsp_enable rtsp.ws_rtsp_addr rtsp.auth_enable rtsp.auth_method rtsp.username rtsp.password record.enable_flv record.flv_out_path record.enable_mpegts record.mpegts_out_path relay_push.enable relay_push.addr_list static_relay_pull.enable static_relay_pull.addr http_api.addr server_id http_notify.enable http_notify.update_interval_sec http_notify.on_server_start http_notify.on_update http_notify.on_pub_start http_notify.on_pub_stop http_notify.on_sub_start http_notify.on_sub_stop http_notify.on_relay_pull_start http_notify.on_relay_pull_stop http_notify.on_rtmp_connect http_notify.on_hls_make_ts simple_auth.key simple_auth.dangerous_lal_secret simple_auth.pub_rtmp_enable simple_auth.sub_rtmp_enable simple_auth.sub_httpflv_enable simple_auth.sub_httpts_enable simple_auth.pub_rtsp_enable simple_auth.sub_rtsp_enable simple_auth.hls_m3u8_enable pprof.addr debug.log_group_interval_sec debug.log_group_max_group_num debug.log_group_max_sub_num_per_group] - config.go:278
2026/04/23 10:34:35.900773 [22;33m WARN [0mconfig some log fields do not exist which have been set to default value. log.level=LevelDebug, log.filename=./logs/lalserver.log, log.is_to_stdout=true, log.is_rotate_daily=true, log.short_file_flag=true, log.timestamp_flag=true, log.timestamp_with_ms_flag=true, log.level_flag=true, log.assert_behavior=AssertError - config.go:283
2026/04/23 10:34:35.900773 [22;36m INFO [0mload conf succ. raw content={"rtmp":{"enable":false},"rtsp":{"enable":false},"http_api":{"enable":false},"pprof":{"enable":false}} parsed=&{ConfVersion: RtmpConfig:{Enable:false Addr: RtmpsEnable:false RtmpsAddr: RtmpsCertFile: RtmpsKeyFile: GopNum:0 SingleGopMaxFrameNum:0 MergeWriteSize:0} InSessionConfig:{AddDummyAudioEnable:false AddDummyAudioWaitAudioMs:0} DefaultHttpConfig:{CommonHttpAddrConfig:{HttpListenAddr: HttpsListenAddr: HttpsCertFile: HttpsKeyFile:}} HttpflvConfig:{CommonHttpServerConfig:{CommonHttpAddrConfig:{HttpListenAddr: HttpsListenAddr: HttpsCertFile: HttpsKeyFile:} Enable:false EnableHttps:false UrlPattern:} GopNum:0 SingleGopMaxFrameNum:0} HlsConfig:{CommonHttpServerConfig:{CommonHttpAddrConfig:{HttpListenAddr: HttpsListenAddr: HttpsCertFile: HttpsKeyFile:} Enable:false EnableHttps:false UrlPattern:} UseMemoryAsDiskFlag:false MuxerConfig:{OutPath: FragmentDurationMs:0 FragmentNum:0 DeleteThreshold:0 CleanupMode:0} SubSessionTimeoutMs:0 SubSessionHashKey:} HttptsConfig:{CommonHttpServerConfig:{CommonHttpAddrConfig:{HttpListenAddr: HttpsListenAddr: HttpsCertFile: HttpsKeyFile:} Enable:false EnableHttps:false UrlPattern:} GopNum:0 SingleGopMaxFrameNum:0} RtspConfig:{Enable:false Addr: RtspsEnable:false RtspsAddr: RtspsCertFile: RtspsKeyFile: OutWaitKeyFrameFlag:false WsRtspEnable:false WsRtspAddr: ServerAuthConfig:{AuthEnable:false AuthMethod:0 UserName: PassWord:}} RecordConfig:{EnableFlv:false FlvOutPath: EnableMpegts:false MpegtsOutPath:} RelayPushConfig:{Enable:false AddrList:[]} StaticRelayPullConfig:{Enable:false Addr:} HttpApiConfig:{Enable:false Addr:} ServerId: HttpNotifyConfig:{Enable:false UpdateIntervalSec:0 OnServerStart: OnUpdate: OnPubStart: OnPubStop: OnSubStart: OnSubStop: OnRelayPullStart: OnRelayPullStop: OnRtmpConnect: OnHlsMakeTs:} SimpleAuthConfig:{Key: DangerousLalSecret: PubRtmpEnable:false SubRtmpEnable:false SubHttpflvEnable:false SubHttptsEnable:false PubRtspEnable:false SubRtspEnable:false HlsM3u8Enable:false} PprofConfig:{Enable:false Addr:} LogConfig:{Level:1 Filename:./logs/lalserver.log IsToStdout:true IsRotateDaily:true IsRotateHourly:false ShortFileFlag:true TimestampFlag:true TimestampWithMsFlag:true LevelFlag:true AssertBehavior:1 HookBackendOutFn:<nil>} DebugConfig:{LogGroupIntervalSec:0 LogGroupMaxGroupNum:0 LogGroupMaxSubNumPerGroup:0}} - config.go:346
2026/04/23 10:34:35.900773 [22;36m INFO [0m     start: 2026-04-23 10:34:35.866 - base.go:35
2026/04/23 10:34:35.900773 [22;36m INFO [0m        wd: F:\开源\go\lalmi\lalmax\server - base.go:36
2026/04/23 10:34:35.900773 [22;36m INFO [0m      args: C:\Users\ADMINI~1\AppData\Local\Temp\go-build490025007\b363\server.test.exe -test.testlogfile=C:\Users\ADMINI~1\AppData\Local\Temp\go-build490025007\b363\testlog.txt -test.paniconexit0 -test.timeout=10m0s - base.go:37
2026/04/23 10:34:35.900773 [22;36m INFO [0m   bininfo: GitTag=unknown. GitCommitLog=unknown. GitStatus=unknown. BuildTime=unknown. GoVersion=unknown. runtime=windows/amd64. - base.go:38
2026/04/23 10:34:35.900773 [22;36m INFO [0m   version: lal v0.37.4 (github.com/q191201771/lal) - base.go:39
2026/04/23 10:34:35.901773 [22;36m INFO [0m    github: https://github.com/q191201771/lal - base.go:40
2026/04/23 10:34:35.901773 [22;36m INFO [0m       doc: https://pengrl.com/lal - base.go:41
2026/04/23 10:34:35.901773 [22;36m INFO [0mlalmax http listen. addr=:52349 - server.go:103
2026/04/23 10:34:35.901773 [22;36m INFO [0m[GROUP1] lifecycle new group. group=0xc000091888, appName=, streamName=test - group__.go:185
2026/04/23 10:34:35.901773 [22;36m INFO [0m[CUSTOMIZEPUB1] NewCustomizePubSessionContext. - customize_pubsession.go:42
2026/04/23 10:34:35.901773 [22;34mDEBUG [0m[GROUP1] [CUSTOMIZEPUB1] add customize pub session into group. - group__in.go:33
2026/04/23 10:34:35.901773 [22;36m INFO [0mcreate group, uniqueKey:, streamKey:test - group.go:108
2026/04/23 10:34:35.902774 [22;36m INFO [0mSetGroup, streamKey:test - group_manager.go:105
2026/04/23 10:34:35.902774 [22;36m INFO [0mAddSubscriber, streamKey:test, subscriberId:consumer1, protocol:LALMAX - group.go:237
2026/04/23 10:34:35.902774 [22;31mERROR [0mhttp notify post error. err=Post "http://127.0.0.1:55559/on_update": dial tcp 127.0.0.1:55559: connectex: No connection could be made because the target machine actively refused it., url=http://127.0.0.1:55559/on_update, info={EventCommonInfo:{ServerId:} Groups:[]} - http_notify.go:216
2026/04/23 10:34:35.902774 [22;36m INFO [0m[GROUP2] lifecycle new group. group=0xc000091c08, appName=, streamName=notify_test - group__.go:185
2026/04/23 10:34:35.902774 [22;36m INFO [0m[CUSTOMIZEPUB2] NewCustomizePubSessionContext. - customize_pubsession.go:42
2026/04/23 10:34:35.902774 [22;34mDEBUG [0m[GROUP2] [CUSTOMIZEPUB2] add customize pub session into group. - group__in.go:33
2026/04/23 10:34:35.902774 [22;36m INFO [0mcreate group, uniqueKey:, streamKey:notify_test - group.go:108
2026/04/23 10:34:35.902774 [22;36m INFO [0mSetGroup, streamKey:notify_test - group_manager.go:105
2026/04/23 10:34:35.902774 [22;36m INFO [0mAddSubscriber, streamKey:notify_test, subscriberId:consumer_notify, protocol:LALMAX - group.go:237
2026/04/23 10:34:38.903343 [22;36m INFO [0mhttp api start rtp pub. req info={StreamName:rtp_pub_test Port:0 TimeoutMs:0 IsTcpFlag:0 DebugDumpPacket:} - router.go:245
2026/04/23 10:34:38.904493 [22;36m INFO [0mhttp api stop rtp pub. stream_name=rtp_pub_test, session_id= - router.go:271
2026/04/23 10:37:23.154712 [22;36m INFO [0minitial log succ. - config.go:249
2026/04/23 10:37:23.155229 [22;36m INFO [0m
    __    ___    __
   / /   /   |  / /
  / /   / /| | / /
 / /___/ ___ |/ /___
/_____/_/  |_/_____/
 - config.go:252
2026/04/23 10:37:23.155229 [22;33m WARN [0mconfig version invalid. conf version of lalserver=v0.4.1, conf version of config file= - config.go:262
2026/04/23 10:37:23.155229 [22;33m WARN [0mconfig some fields do not exist which have been set to the zero value. fields=[conf_version rtmp.addr rtmp.rtmps_enable rtmp.rtmps_addr rtmp.rtmps_cert_file rtmp.rtmps_key_file rtmp.gop_num rtmp.single_gop_max_frame_num rtmp.merge_write_size in_session.add_dummy_audio_enable in_session.add_dummy_audio_wait_audio_ms httpflv.enable httpflv.enable_https httpflv.url_pattern httpflv.gop_num httpflv.single_gop_max_frame_num hls.enable hls.enable_https hls.url_pattern hls.use_memory_as_disk_flag hls.out_path hls.fragment_duration_ms hls.fragment_num hls.delete_threshold hls.cleanup_mode hls.sub_session_timeout_ms hls.sub_session_hash_key httpts.enable httpts.enable_https httpts.url_pattern httpts.gop_num httpts.single_gop_max_frame_num rtsp.addr rtsp.rtsps_enable rtsp.rtsps_addr rtsp.rtsps_cert_file rtsp.rtsps_key_file rtsp.out_wait_key_frame_flag rtsp.ws_rtsp_enable rtsp.ws_rtsp_addr rtsp.auth_enable rtsp.auth_method rtsp.username rtsp.password record.enable_flv record.flv_out_path record.enable_mpegts record.mpegts_out_path relay_push.enable relay_push.addr_list static_relay_pull.enable static_relay_pull.addr http_api.addr server_id http_notify.enable http_notify.update_interval_sec http_notify.on_server_start http_notify.on_update http_notify.on_pub_start http_notify.on_pub_stop http_notify.on_sub_start http_notify.on_sub_stop http_notify.on_relay_pull_start http_notify.on_relay_pull_stop http_notify.on_rtmp_connect http_notify.on_hls_make_ts simple_auth.key simple_auth.dangerous_lal_secret simple_auth.pub_rtmp_enable simple_auth.sub_rtmp_enable simple_auth.sub_httpflv_enable simple_auth.sub_httpts_enable simple_auth.pub_rtsp_enable simple_auth.sub_rtsp_enable simple_auth.hls_m3u8_enable pprof.addr debug.log_group_interval_sec debug.log_group_max_group_num debug.log_group_max_sub_num_per_group] - config.go:278
2026/04/23 10:37:23.155229 [22;33m WARN [0mconfig some log fields do not exist which have been set to default value. log.level=LevelDebug, log.filename=./logs/lalserver.log, log.is_to_stdout=true, log.is_rotate_daily=true, log.short_file_flag=true, log.timestamp_flag=true, log.timestamp_with_ms_flag=true, log.level_flag=true, log.assert_behavior=AssertError - config.go:283
2026/04/23 10:37:23.155229 [22;36m INFO [0mload conf succ. raw content={"rtmp":{"enable":false},"rtsp":{"enable":false},"http_api":{"enable":false},"pprof":{"enable":false}} parsed=&{ConfVersion: RtmpConfig:{Enable:false Addr: RtmpsEnable:false RtmpsAddr: RtmpsCertFile: RtmpsKeyFile: GopNum:0 SingleGopMaxFrameNum:0 MergeWriteSize:0} InSessionConfig:{AddDummyAudioEnable:false AddDummyAudioWaitAudioMs:0} DefaultHttpConfig:{CommonHttpAddrConfig:{HttpListenAddr: HttpsListenAddr: HttpsCertFile: HttpsKeyFile:}} HttpflvConfig:{CommonHttpServerConfig:{CommonHttpAddrConfig:{HttpListenAddr: HttpsListenAddr: HttpsCertFile: HttpsKeyFile:} Enable:false EnableHttps:false UrlPattern:} GopNum:0 SingleGopMaxFrameNum:0} HlsConfig:{CommonHttpServerConfig:{CommonHttpAddrConfig:{HttpListenAddr: HttpsListenAddr: HttpsCertFile: HttpsKeyFile:} Enable:false EnableHttps:false UrlPattern:} UseMemoryAsDiskFlag:false MuxerConfig:{OutPath: FragmentDurationMs:0 FragmentNum:0 DeleteThreshold:0 CleanupMode:0} SubSessionTimeoutMs:0 SubSessionHashKey:} HttptsConfig:{CommonHttpServerConfig:{CommonHttpAddrConfig:{HttpListenAddr: HttpsListenAddr: HttpsCertFile: HttpsKeyFile:} Enable:false EnableHttps:false UrlPattern:} GopNum:0 SingleGopMaxFrameNum:0} RtspConfig:{Enable:false Addr: RtspsEnable:false RtspsAddr: RtspsCertFile: RtspsKeyFile: OutWaitKeyFrameFlag:false WsRtspEnable:false WsRtspAddr: ServerAuthConfig:{AuthEnable:false AuthMethod:0 UserName: PassWord:}} RecordConfig:{EnableFlv:false FlvOutPath: EnableMpegts:false MpegtsOutPath:} RelayPushConfig:{Enable:false AddrList:[]} StaticRelayPullConfig:{Enable:false Addr:} HttpApiConfig:{Enable:false Addr:} ServerId: HttpNotifyConfig:{Enable:false UpdateIntervalSec:0 OnServerStart: OnUpdate: OnPubStart: OnPubStop: OnSubStart: OnSubStop: OnRelayPullStart: OnRelayPullStop: OnRtmpConnect: OnHlsMakeTs:} SimpleAuthConfig:{Key: DangerousLalSecret: PubRtmpEnable:false SubRtmpEnable:false SubHttpflvEnable:false SubHttptsEnable:false PubRtspEnable:false SubRtspEnable:false HlsM3u8Enable:false} PprofConfig:{Enable:false Addr:} LogConfig:{Level:1 Filename:./logs/lalserver.log IsToStdout:true IsRotateDaily:true IsRotateHourly:false ShortFileFlag:true TimestampFlag:true TimestampWithMsFlag:true LevelFlag:true AssertBehavior:1 HookBackendOutFn:<nil>} DebugConfig:{LogGroupIntervalSec:0 LogGroupMaxGroupNum:0 LogGroupMaxSubNumPerGroup:0}} - config.go:346
2026/04/23 10:37:23.155229 [22;36m INFO [0m     start: 2026-04-23 10:37:23.133 - base.go:35
2026/04/23 10:37:23.155229 [22;36m INFO [0m        wd: F:\开源\go\lalmi\lalmax\server - base.go:36
2026/04/23 10:37:23.155229 [22;36m INFO [0m      args: C:\Users\ADMINI~1\AppData\Local\Temp\go-build1390121107\b363\server.test.exe -test.testlogfile=C:\Users\ADMINI~1\AppData\Local\Temp\go-build1390121107\b363\testlog.txt -test.paniconexit0 -test.timeout=10m0s - base.go:37
2026/04/23 10:37:23.155229 [22;36m INFO [0m   bininfo: GitTag=unknown. GitCommitLog=unknown. GitStatus=unknown. BuildTime=unknown. GoVersion=unknown. runtime=windows/amd64. - base.go:38
2026/04/23 10:37:23.155229 [22;36m INFO [0m   version: lal v0.37.4 (github.com/q191201771/lal) - base.go:39
2026/04/23 10:37:23.155229 [22;36m INFO [0m    github: https://github.com/q191201771/lal - base.go:40
2026/04/23 10:37:23.155229 [22;36m INFO [0m       doc: https://pengrl.com/lal - base.go:41
2026/04/23 10:37:23.155229 [22;36m INFO [0mlalmax http listen. addr=:52349 - server.go:103
2026/04/23 10:37:23.155739 [22;36m INFO [0m[GROUP1] lifecycle new group. group=0xc000091888, appName=, streamName=test - group__.go:185
2026/04/23 10:37:23.155739 [22;36m INFO [0m[CUSTOMIZEPUB1] NewCustomizePubSessionContext. - customize_pubsession.go:42
2026/04/23 10:37:23.155739 [22;34mDEBUG [0m[GROUP1] [CUSTOMIZEPUB1] add customize pub session into group. - group__in.go:33
2026/04/23 10:37:23.155739 [22;36m INFO [0mcreate group, uniqueKey:, streamKey:test - group.go:108
2026/04/23 10:37:23.155739 [22;36m INFO [0mSetGroup, streamKey:test - group_manager.go:105
2026/04/23 10:37:23.156259 [22;36m INFO [0mAddSubscriber, streamKey:test, subscriberId:consumer1, protocol:LALMAX - group.go:237
2026/04/23 10:37:23.156259 [22;36m INFO [0m[GROUP2] lifecycle new group. group=0xc000091c08, appName=, streamName=notify_test - group__.go:185
2026/04/23 10:37:23.156259 [22;36m INFO [0m[CUSTOMIZEPUB2] NewCustomizePubSessionContext. - customize_pubsession.go:42
2026/04/23 10:37:23.156259 [22;34mDEBUG [0m[GROUP2] [CUSTOMIZEPUB2] add customize pub session into group. - group__in.go:33
2026/04/23 10:37:23.156259 [22;36m INFO [0mcreate group, uniqueKey:, streamKey:notify_test - group.go:108
2026/04/23 10:37:23.156259 [22;36m INFO [0mSetGroup, streamKey:notify_test - group_manager.go:105
2026/04/23 10:37:23.156259 [22;36m INFO [0mAddSubscriber, streamKey:notify_test, subscriberId:consumer_notify, protocol:LALMAX - group.go:237
2026/04/23 10:37:23.156259 [22;31mERROR [0mhttp notify post error. err=Post "http://127.0.0.1:55559/on_update": dial tcp 127.0.0.1:55559: connectex: No connection could be made because the target machine actively refused it., url=http://127.0.0.1:55559/on_update, info={EventCommonInfo:{ServerId:} Groups:[]} - http_notify.go:216
2026/04/23 10:37:26.156615 [22;36m INFO [0mhttp api start rtp pub. req info={StreamName:rtp_pub_test Port:0 TimeoutMs:0 IsTcpFlag:0 DebugDumpPacket:} - router.go:245
2026/04/23 10:37:26.156615 [22;36m INFO [0mhttp api stop rtp pub. stream_name=rtp_pub_test, session_id= - router.go:271
2026/04/23 10:39:11.914284 [22;36m INFO [0minitial log succ. - config.go:249
2026/04/23 10:39:11.914284 [22;36m INFO [0m
    __    ___    __
   / /   /   |  / /
  / /   / /| | / /
 / /___/ ___ |/ /___
/_____/_/  |_/_____/
 - config.go:252
2026/04/23 10:39:11.914284 [22;33m WARN [0mconfig version invalid. conf version of lalserver=v0.4.1, conf version of config file= - config.go:262
2026/04/23 10:39:11.914284 [22;33m WARN [0mconfig some fields do not exist which have been set to the zero value. fields=[conf_version rtmp.addr rtmp.rtmps_enable rtmp.rtmps_addr rtmp.rtmps_cert_file rtmp.rtmps_key_file rtmp.gop_num rtmp.single_gop_max_frame_num rtmp.merge_write_size in_session.add_dummy_audio_enable in_session.add_dummy_audio_wait_audio_ms httpflv.enable httpflv.enable_https httpflv.url_pattern httpflv.gop_num httpflv.single_gop_max_frame_num hls.enable hls.enable_https hls.url_pattern hls.use_memory_as_disk_flag hls.out_path hls.fragment_duration_ms hls.fragment_num hls.delete_threshold hls.cleanup_mode hls.sub_session_timeout_ms hls.sub_session_hash_key httpts.enable httpts.enable_https httpts.url_pattern httpts.gop_num httpts.single_gop_max_frame_num rtsp.addr rtsp.rtsps_enable rtsp.rtsps_addr rtsp.rtsps_cert_file rtsp.rtsps_key_file rtsp.out_wait_key_frame_flag rtsp.ws_rtsp_enable rtsp.ws_rtsp_addr rtsp.auth_enable rtsp.auth_method rtsp.username rtsp.password record.enable_flv record.flv_out_path record.enable_mpegts record.mpegts_out_path relay_push.enable relay_push.addr_list static_relay_pull.enable static_relay_pull.addr http_api.addr server_id http_notify.enable http_notify.update_interval_sec http_notify.on_server_start http_notify.on_update http_notify.on_pub_start http_notify.on_pub_stop http_notify.on_sub_start http_notify.on_sub_stop http_notify.on_relay_pull_start http_notify.on_relay_pull_stop http_notify.on_rtmp_connect http_notify.on_hls_make_ts simple_auth.key simple_auth.dangerous_lal_secret simple_auth.pub_rtmp_enable simple_auth.sub_rtmp_enable simple_auth.sub_httpflv_enable simple_auth.sub_httpts_enable simple_auth.pub_rtsp_enable simple_auth.sub_rtsp_enable simple_auth.hls_m3u8_enable pprof.addr debug.log_group_interval_sec debug.log_group_max_group_num debug.log_group_max_sub_num_per_group] - config.go:278
2026/04/23 10:39:11.914284 [22;33m WARN [0mconfig some log fields do not exist which have been set to default value. log.level=LevelDebug, log.filename=./logs/lalserver.log, log.is_to_stdout=true, log.is_rotate_daily=true, log.short_file_flag=true, log.timestamp_flag=true, log.timestamp_with_ms_flag=true, log.level_flag=true, log.assert_behavior=AssertError - config.go:283
2026/04/23 10:39:11.914284 [22;36m INFO [0mload conf succ. raw content={"rtmp":{"enable":false},"rtsp":{"enable":false},"http_api":{"enable":false},"pprof":{"enable":false}} parsed=&{ConfVersion: RtmpConfig:{Enable:false Addr: RtmpsEnable:false RtmpsAddr: RtmpsCertFile: RtmpsKeyFile: GopNum:0 SingleGopMaxFrameNum:0 MergeWriteSize:0} InSessionConfig:{AddDummyAudioEnable:false AddDummyAudioWaitAudioMs:0} DefaultHttpConfig:{CommonHttpAddrConfig:{HttpListenAddr: HttpsListenAddr: HttpsCertFile: HttpsKeyFile:}} HttpflvConfig:{CommonHttpServerConfig:{CommonHttpAddrConfig:{HttpListenAddr: HttpsListenAddr: HttpsCertFile: HttpsKeyFile:} Enable:false EnableHttps:false UrlPattern:} GopNum:0 SingleGopMaxFrameNum:0} HlsConfig:{CommonHttpServerConfig:{CommonHttpAddrConfig:{HttpListenAddr: HttpsListenAddr: HttpsCertFile: HttpsKeyFile:} Enable:false EnableHttps:false UrlPattern:} UseMemoryAsDiskFlag:false MuxerConfig:{OutPath: FragmentDurationMs:0 FragmentNum:0 DeleteThreshold:0 CleanupMode:0} SubSessionTimeoutMs:0 SubSessionHashKey:} HttptsConfig:{CommonHttpServerConfig:{CommonHttpAddrConfig:{HttpListenAddr: HttpsListenAddr: HttpsCertFile: HttpsKeyFile:} Enable:false EnableHttps:false UrlPattern:} GopNum:0 SingleGopMaxFrameNum:0} RtspConfig:{Enable:false Addr: RtspsEnable:false RtspsAddr: RtspsCertFile: RtspsKeyFile: OutWaitKeyFrameFlag:false WsRtspEnable:false WsRtspAddr: ServerAuthConfig:{AuthEnable:false AuthMethod:0 UserName: PassWord:}} RecordConfig:{EnableFlv:false FlvOutPath: EnableMpegts:false MpegtsOutPath:} RelayPushConfig:{Enable:false AddrList:[]} StaticRelayPullConfig:{Enable:false Addr:} HttpApiConfig:{Enable:false Addr:} ServerId: HttpNotifyConfig:{Enable:false UpdateIntervalSec:0 OnServerStart: OnUpdate: OnPubStart: OnPubStop: OnSubStart: OnSubStop: OnRelayPullStart: OnRelayPullStop: OnRtmpConnect: OnHlsMakeTs:} SimpleAuthConfig:{Key: DangerousLalSecret: PubRtmpEnable:false SubRtmpEnable:false SubHttpflvEnable:false SubHttptsEnable:false PubRtspEnable:false SubRtspEnable:false HlsM3u8Enable:false} PprofConfig:{Enable:false Addr:} LogConfig:{Level:1 Filename:./logs/lalserver.log IsToStdout:true IsRotateDaily:true IsRotateHourly:false ShortFileFlag:true TimestampFlag:true TimestampWithMsFlag:true LevelFlag:true AssertBehavior:1 HookBackendOutFn:<nil>} DebugConfig:{LogGroupIntervalSec:0 LogGroupMaxGroupNum:0 LogGroupMaxSubNumPerGroup:0}} - config.go:346
2026/04/23 10:39:11.914284 [22;36m INFO [0m     start: 2026-04-23 10:39:11.897 - base.go:35
2026/04/23 10:39:11.915156 [22;36m INFO [0m        wd: F:\开源\go\lalmi\lalmax\server - base.go:36
2026/04/23 10:39:11.915156 [22;36m INFO [0m      args: C:\Users\ADMINI~1\AppData\Local\Temp\go-build2037119015\b363\server.test.exe -test.testlogfile=C:\Users\ADMINI~1\AppData\Local\Temp\go-build2037119015\b363\testlog.txt -test.paniconexit0 -test.timeout=10m0s - base.go:37
2026/04/23 10:39:11.915156 [22;36m INFO [0m   bininfo: GitTag=unknown. GitCommitLog=unknown. GitStatus=unknown. BuildTime=unknown. GoVersion=unknown. runtime=windows/amd64. - base.go:38
2026/04/23 10:39:11.915156 [22;36m INFO [0m   version: lal v0.37.4 (github.com/q191201771/lal) - base.go:39
2026/04/23 10:39:11.915156 [22;36m INFO [0m    github: https://github.com/q191201771/lal - base.go:40
2026/04/23 10:39:11.915156 [22;36m INFO [0m       doc: https://pengrl.com/lal - base.go:41
2026/04/23 10:39:11.915156 [22;36m INFO [0mlalmax http listen. addr=:52349 - server.go:103
2026/04/23 10:39:11.915156 [22;36m INFO [0m[GROUP1] lifecycle new group. group=0xc0002e0708, appName=, streamName=test - group__.go:185
2026/04/23 10:39:11.915156 [22;36m INFO [0m[CUSTOMIZEPUB1] NewCustomizePubSessionContext. - customize_pubsession.go:42
2026/04/23 10:39:11.915156 [22;34mDEBUG [0m[GROUP1] [CUSTOMIZEPUB1] add customize pub session into group. - group__in.go:33
2026/04/23 10:39:11.915156 [22;36m INFO [0mcreate group, uniqueKey:, streamKey:test - group.go:108
2026/04/23 10:39:11.915156 [22;36m INFO [0mSetGroup, streamKey:test - group_manager.go:105
2026/04/23 10:39:11.915912 [22;36m INFO [0mAddSubscriber, streamKey:test, subscriberId:consumer1, protocol:LALMAX - group.go:237
2026/04/23 10:39:11.915912 [22;36m INFO [0m[GROUP2] lifecycle new group. group=0xc0002e0a88, appName=, streamName=notify_test - group__.go:185
2026/04/23 10:39:11.915912 [22;36m INFO [0m[CUSTOMIZEPUB2] NewCustomizePubSessionContext. - customize_pubsession.go:42
2026/04/23 10:39:11.915912 [22;34mDEBUG [0m[GROUP2] [CUSTOMIZEPUB2] add customize pub session into group. - group__in.go:33
2026/04/23 10:39:11.915912 [22;36m INFO [0mcreate group, uniqueKey:, streamKey:notify_test - group.go:108
2026/04/23 10:39:11.915912 [22;36m INFO [0mSetGroup, streamKey:notify_test - group_manager.go:105
2026/04/23 10:39:11.915912 [22;36m INFO [0mAddSubscriber, streamKey:notify_test, subscriberId:consumer_notify, protocol:LALMAX - group.go:237
2026/04/23 10:39:11.915912 [22;31mERROR [0mhttp notify post error. err=Post "http://127.0.0.1:55559/on_update": dial tcp 127.0.0.1:55559: connectex: No connection could be made because the target machine actively refused it., url=http://127.0.0.1:55559/on_update, info={EventCommonInfo:{ServerId:} Groups:[]} - http_notify.go:216
2026/04/23 10:39:14.915985 [22;36m INFO [0mhttp api start rtp pub. req info={StreamName:rtp_pub_test Port:0 TimeoutMs:0 IsTcpFlag:0 DebugDumpPacket:} - router.go:245
2026/04/23 10:39:14.916290 [22;36m INFO [0mhttp api stop rtp pub. stream_name=rtp_pub_test, session_id= - router.go:271
2026/04/23 10:43:21.196284 [22;36m INFO [0minitial log succ. - config.go:249
2026/04/23 10:43:21.196284 [22;36m INFO [0m
    __    ___    __
   / /   /   |  / /
  / /   / /| | / /
 / /___/ ___ |/ /___
/_____/_/  |_/_____/
 - config.go:252
2026/04/23 10:43:21.196284 [22;33m WARN [0mconfig version invalid. conf version of lalserver=v0.4.1, conf version of config file= - config.go:262
2026/04/23 10:43:21.196284 [22;33m WARN [0mconfig some fields do not exist which have been set to the zero value. fields=[conf_version rtmp.addr rtmp.rtmps_enable rtmp.rtmps_addr rtmp.rtmps_cert_file rtmp.rtmps_key_file rtmp.gop_num rtmp.single_gop_max_frame_num rtmp.merge_write_size in_session.add_dummy_audio_enable in_session.add_dummy_audio_wait_audio_ms httpflv.enable httpflv.enable_https httpflv.url_pattern httpflv.gop_num httpflv.single_gop_max_frame_num hls.enable hls.enable_https hls.url_pattern hls.use_memory_as_disk_flag hls.out_path hls.fragment_duration_ms hls.fragment_num hls.delete_threshold hls.cleanup_mode hls.sub_session_timeout_ms hls.sub_session_hash_key httpts.enable httpts.enable_https httpts.url_pattern httpts.gop_num httpts.single_gop_max_frame_num rtsp.addr rtsp.rtsps_enable rtsp.rtsps_addr rtsp.rtsps_cert_file rtsp.rtsps_key_file rtsp.out_wait_key_frame_flag rtsp.ws_rtsp_enable rtsp.ws_rtsp_addr rtsp.auth_enable rtsp.auth_method rtsp.username rtsp.password record.enable_flv record.flv_out_path record.enable_mpegts record.mpegts_out_path relay_push.enable relay_push.addr_list static_relay_pull.enable static_relay_pull.addr http_api.addr server_id http_notify.enable http_notify.update_interval_sec http_notify.on_server_start http_notify.on_update http_notify.on_pub_start http_notify.on_pub_stop http_notify.on_sub_start http_notify.on_sub_stop http_notify.on_relay_pull_start http_notify.on_relay_pull_stop http_notify.on_rtmp_connect http_notify.on_hls_make_ts simple_auth.key simple_auth.dangerous_lal_secret simple_auth.pub_rtmp_enable simple_auth.sub_rtmp_enable simple_auth.sub_httpflv_enable simple_auth.sub_httpts_enable simple_auth.pub_rtsp_enable simple_auth.sub_rtsp_enable simple_auth.hls_m3u8_enable pprof.addr debug.log_group_interval_sec debug.log_group_max_group_num debug.log_group_max_sub_num_per_group] - config.go:278
2026/04/23 10:43:21.196284 [22;33m WARN [0mconfig some log fields do not exist which have been set to default value. log.level=LevelDebug, log.filename=./logs/lalserver.log, log.is_to_stdout=true, log.is_rotate_daily=true, log.short_file_flag=true, log.timestamp_flag=true, log.timestamp_with_ms_flag=true, log.level_flag=true, log.assert_behavior=AssertError - config.go:283
2026/04/23 10:43:21.196284 [22;36m INFO [0mload conf succ. raw content={"rtmp":{"enable":false},"rtsp":{"enable":false},"http_api":{"enable":false},"pprof":{"enable":false}} parsed=&{ConfVersion: RtmpConfig:{Enable:false Addr: RtmpsEnable:false RtmpsAddr: RtmpsCertFile: RtmpsKeyFile: GopNum:0 SingleGopMaxFrameNum:0 MergeWriteSize:0} InSessionConfig:{AddDummyAudioEnable:false AddDummyAudioWaitAudioMs:0} DefaultHttpConfig:{CommonHttpAddrConfig:{HttpListenAddr: HttpsListenAddr: HttpsCertFile: HttpsKeyFile:}} HttpflvConfig:{CommonHttpServerConfig:{CommonHttpAddrConfig:{HttpListenAddr: HttpsListenAddr: HttpsCertFile: HttpsKeyFile:} Enable:false EnableHttps:false UrlPattern:} GopNum:0 SingleGopMaxFrameNum:0} HlsConfig:{CommonHttpServerConfig:{CommonHttpAddrConfig:{HttpListenAddr: HttpsListenAddr: HttpsCertFile: HttpsKeyFile:} Enable:false EnableHttps:false UrlPattern:} UseMemoryAsDiskFlag:false MuxerConfig:{OutPath: FragmentDurationMs:0 FragmentNum:0 DeleteThreshold:0 CleanupMode:0} SubSessionTimeoutMs:0 SubSessionHashKey:} HttptsConfig:{CommonHttpServerConfig:{CommonHttpAddrConfig:{HttpListenAddr: HttpsListenAddr: HttpsCertFile: HttpsKeyFile:} Enable:false EnableHttps:false UrlPattern:} GopNum:0 SingleGopMaxFrameNum:0} RtspConfig:{Enable:false Addr: RtspsEnable:false RtspsAddr: RtspsCertFile: RtspsKeyFile: OutWaitKeyFrameFlag:false WsRtspEnable:false WsRtspAddr: ServerAuthConfig:{AuthEnable:false AuthMethod:0 UserName: PassWord:}} RecordConfig:{EnableFlv:false FlvOutPath: EnableMpegts:false MpegtsOutPath:} RelayPushConfig:{Enable:false AddrList:[]} StaticRelayPullConfig:{Enable:false Addr:} HttpApiConfig:{Enable:false Addr:} ServerId: HttpNotifyConfig:{Enable:false UpdateIntervalSec:0 OnServerStart: OnUpdate: OnPubStart: OnPubStop: OnSubStart: OnSubStop: OnRelayPullStart: OnRelayPullStop: OnRtmpConnect: OnHlsMakeTs:} SimpleAuthConfig:{Key: DangerousLalSecret: PubRtmpEnable:false SubRtmpEnable:false SubHttpflvEnable:false SubHttptsEnable:false PubRtspEnable:false SubRtspEnable:false HlsM3u8Enable:false} PprofConfig:{Enable:false Addr:} LogConfig:{Level:1 Filename:./logs/lalserver.log IsToStdout:true IsRotateDaily:true IsRotateHourly:false ShortFileFlag:true TimestampFlag:true TimestampWithMsFlag:true LevelFlag:true AssertBehavior:1 HookBackendOutFn:<nil>} DebugConfig:{LogGroupIntervalSec:0 LogGroupMaxGroupNum:0 LogGroupMaxSubNumPerGroup:0}} - config.go:346
2026/04/23 10:43:21.196284 [22;36m INFO [0m     start: 2026-04-23 10:43:21.177 - base.go:35
2026/04/23 10:43:21.196284 [22;36m INFO [0m        wd: F:\开源\go\lalmi\lalmax\server - base.go:36
2026/04/23 10:43:21.196284 [22;36m INFO [0m      args: C:\Users\ADMINI~1\AppData\Local\Temp\go-build3820063322\b363\server.test.exe -test.testlogfile=C:\Users\ADMINI~1\AppData\Local\Temp\go-build3820063322\b363\testlog.txt -test.paniconexit0 -test.timeout=10m0s - base.go:37
2026/04/23 10:43:21.196284 [22;36m INFO [0m   bininfo: GitTag=unknown. GitCommitLog=unknown. GitStatus=unknown. BuildTime=unknown. GoVersion=unknown. runtime=windows/amd64. - base.go:38
2026/04/23 10:43:21.196284 [22;36m INFO [0m   version: lal v0.37.4 (github.com/q191201771/lal) - base.go:39
2026/04/23 10:43:21.196284 [22;36m INFO [0m    github: https://github.com/q191201771/lal - base.go:40
2026/04/23 10:43:21.196284 [22;36m INFO [0m       doc: https://pengrl.com/lal - base.go:41
2026/04/23 10:43:21.196284 [22;36m INFO [0mlalmax http listen. addr=:52349 - server.go:103
2026/04/23 10:43:21.196284 [22;36m INFO [0m[GROUP1] lifecycle new group. group=0xc000091888, appName=, streamName=test - group__.go:185
2026/04/23 10:43:21.196284 [22;36m INFO [0m[CUSTOMIZEPUB1] NewCustomizePubSessionContext. - customize_pubsession.go:42
2026/04/23 10:43:21.196284 [22;34mDEBUG [0m[GROUP1] [CUSTOMIZEPUB1] add customize pub session into group. - group__in.go:33
2026/04/23 10:43:21.196284 [22;36m INFO [0mcreate group, uniqueKey:, streamKey:test - group.go:108
2026/04/23 10:43:21.196284 [22;36m INFO [0mSetGroup, streamKey:test - group_manager.go:105
2026/04/23 10:43:21.197284 [22;36m INFO [0mAddSubscriber, streamKey:test, subscriberId:consumer1, protocol:LALMAX - group.go:237
2026/04/23 10:43:21.197284 [22;36m INFO [0m[GROUP2] lifecycle new group. group=0xc000091c08, appName=, streamName=notify_test - group__.go:185
2026/04/23 10:43:21.197284 [22;36m INFO [0m[CUSTOMIZEPUB2] NewCustomizePubSessionContext. - customize_pubsession.go:42
2026/04/23 10:43:21.197284 [22;34mDEBUG [0m[GROUP2] [CUSTOMIZEPUB2] add customize pub session into group. - group__in.go:33
2026/04/23 10:43:21.197284 [22;36m INFO [0mcreate group, uniqueKey:, streamKey:notify_test - group.go:108
2026/04/23 10:43:21.197284 [22;36m INFO [0mSetGroup, streamKey:notify_test - group_manager.go:105
2026/04/23 10:43:21.197284 [22;36m INFO [0mAddSubscriber, streamKey:notify_test, subscriberId:consumer_notify, protocol:LALMAX - group.go:237
2026/04/23 10:43:21.197284 [22;31mERROR [0mhttp notify post error. err=Post "http://127.0.0.1:55559/on_update": dial tcp 127.0.0.1:55559: connectex: No connection could be made because the target machine actively refused it., url=http://127.0.0.1:55559/on_update, info={EventCommonInfo:{ServerId:} Groups:[]} - http_notify.go:216
2026/04/23 10:43:24.197564 [22;36m INFO [0mhttp api start rtp pub. req info={StreamName:rtp_pub_test Port:0 TimeoutMs:0 IsTcpFlag:0 DebugDumpPacket:} - router.go:245
2026/04/23 10:43:24.197820 [22;36m INFO [0mhttp api stop rtp pub. stream_name=rtp_pub_test, session_id= - router.go:271
2026/04/23 10:46:51.244739 [22;36m INFO [0minitial log succ. - config.go:249
2026/04/23 10:46:51.244739 [22;36m INFO [0m
    __    ___    __
   / /   /   |  / /
  / /   / /| | / /
 / /___/ ___ |/ /___
/_____/_/  |_/_____/
 - config.go:252
2026/04/23 10:46:51.244739 [22;33m WARN [0mconfig version invalid. conf version of lalserver=v0.4.1, conf version of config file= - config.go:262
2026/04/23 10:46:51.244739 [22;33m WARN [0mconfig some fields do not exist which have been set to the zero value. fields=[conf_version rtmp.addr rtmp.rtmps_enable rtmp.rtmps_addr rtmp.rtmps_cert_file rtmp.rtmps_key_file rtmp.gop_num rtmp.single_gop_max_frame_num rtmp.merge_write_size in_session.add_dummy_audio_enable in_session.add_dummy_audio_wait_audio_ms httpflv.enable httpflv.enable_https httpflv.url_pattern httpflv.gop_num httpflv.single_gop_max_frame_num hls.enable hls.enable_https hls.url_pattern hls.use_memory_as_disk_flag hls.out_path hls.fragment_duration_ms hls.fragment_num hls.delete_threshold hls.cleanup_mode hls.sub_session_timeout_ms hls.sub_session_hash_key httpts.enable httpts.enable_https httpts.url_pattern httpts.gop_num httpts.single_gop_max_frame_num rtsp.addr rtsp.rtsps_enable rtsp.rtsps_addr rtsp.rtsps_cert_file rtsp.rtsps_key_file rtsp.out_wait_key_frame_flag rtsp.ws_rtsp_enable rtsp.ws_rtsp_addr rtsp.auth_enable rtsp.auth_method rtsp.username rtsp.password record.enable_flv record.flv_out_path record.enable_mpegts record.mpegts_out_path relay_push.enable relay_push.addr_list static_relay_pull.enable static_relay_pull.addr http_api.addr server_id http_notify.enable http_notify.update_interval_sec http_notify.on_server_start http_notify.on_update http_notify.on_pub_start http_notify.on_pub_stop http_notify.on_sub_start http_notify.on_sub_stop http_notify.on_relay_pull_start http_notify.on_relay_pull_stop http_notify.on_rtmp_connect http_notify.on_hls_make_ts simple_auth.key simple_auth.dangerous_lal_secret simple_auth.pub_rtmp_enable simple_auth.sub_rtmp_enable simple_auth.sub_httpflv_enable simple_auth.sub_httpts_enable simple_auth.pub_rtsp_enable simple_auth.sub_rtsp_enable simple_auth.hls_m3u8_enable pprof.addr debug.log_group_interval_sec debug.log_group_max_group_num debug.log_group_max_sub_num_per_group] - config.go:278
2026/04/23 10:46:51.244739 [22;33m WARN [0mconfig some log fields do not exist which have been set to default value. log.level=LevelDebug, log.filename=./logs/lalserver.log, log.is_to_stdout=true, log.is_rotate_daily=true, log.short_file_flag=true, log.timestamp_flag=true, log.timestamp_with_ms_flag=true, log.level_flag=true, log.assert_behavior=AssertError - config.go:283
2026/04/23 10:46:51.244739 [22;36m INFO [0mload conf succ. raw content={"rtmp":{"enable":false},"rtsp":{"enable":false},"http_api":{"enable":false},"pprof":{"enable":false}} parsed=&{ConfVersion: RtmpConfig:{Enable:false Addr: RtmpsEnable:false RtmpsAddr: RtmpsCertFile: RtmpsKeyFile: GopNum:0 SingleGopMaxFrameNum:0 MergeWriteSize:0} InSessionConfig:{AddDummyAudioEnable:false AddDummyAudioWaitAudioMs:0} DefaultHttpConfig:{CommonHttpAddrConfig:{HttpListenAddr: HttpsListenAddr: HttpsCertFile: HttpsKeyFile:}} HttpflvConfig:{CommonHttpServerConfig:{CommonHttpAddrConfig:{HttpListenAddr: HttpsListenAddr: HttpsCertFile: HttpsKeyFile:} Enable:false EnableHttps:false UrlPattern:} GopNum:0 SingleGopMaxFrameNum:0} HlsConfig:{CommonHttpServerConfig:{CommonHttpAddrConfig:{HttpListenAddr: HttpsListenAddr: HttpsCertFile: HttpsKeyFile:} Enable:false EnableHttps:false UrlPattern:} UseMemoryAsDiskFlag:false MuxerConfig:{OutPath: FragmentDurationMs:0 FragmentNum:0 DeleteThreshold:0 CleanupMode:0} SubSessionTimeoutMs:0 SubSessionHashKey:} HttptsConfig:{CommonHttpServerConfig:{CommonHttpAddrConfig:{HttpListenAddr: HttpsListenAddr: HttpsCertFile: HttpsKeyFile:} Enable:false EnableHttps:false UrlPattern:} GopNum:0 SingleGopMaxFrameNum:0} RtspConfig:{Enable:false Addr: RtspsEnable:false RtspsAddr: RtspsCertFile: RtspsKeyFile: OutWaitKeyFrameFlag:false WsRtspEnable:false WsRtspAddr: ServerAuthConfig:{AuthEnable:false AuthMethod:0 UserName: PassWord:}} RecordConfig:{EnableFlv:false FlvOutPath: EnableMpegts:false MpegtsOutPath:} RelayPushConfig:{Enable:false AddrList:[]} StaticRelayPullConfig:{Enable:false Addr:} HttpApiConfig:{Enable:false Addr:} ServerId: HttpNotifyConfig:{Enable:false UpdateIntervalSec:0 OnServerStart: OnUpdate: OnPubStart: OnPubStop: OnSubStart: OnSubStop: OnRelayPullStart: OnRelayPullStop: OnRtmpConnect: OnHlsMakeTs:} SimpleAuthConfig:{Key: DangerousLalSecret: PubRtmpEnable:false SubRtmpEnable:false SubHttpflvEnable:false SubHttptsEnable:false PubRtspEnable:false SubRtspEnable:false HlsM3u8Enable:false} PprofConfig:{Enable:false Addr:} LogConfig:{Level:1 Filename:./logs/lalserver.log IsToStdout:true IsRotateDaily:true IsRotateHourly:false ShortFileFlag:true TimestampFlag:true TimestampWithMsFlag:true LevelFlag:true AssertBehavior:1 HookBackendOutFn:<nil>} DebugConfig:{LogGroupIntervalSec:0 LogGroupMaxGroupNum:0 LogGroupMaxSubNumPerGroup:0}} - config.go:346
2026/04/23 10:46:51.244739 [22;36m INFO [0m     start: 2026-04-23 10:46:51.225 - base.go:35
2026/04/23 10:46:51.244739 [22;36m INFO [0m        wd: F:\开源\go\lalmi\lalmax\server - base.go:36
2026/04/23 10:46:51.244739 [22;36m INFO [0m      args: C:\Users\ADMINI~1\AppData\Local\Temp\go-build710474692\b363\server.test.exe -test.testlogfile=C:\Users\ADMINI~1\AppData\Local\Temp\go-build710474692\b363\testlog.txt -test.paniconexit0 -test.timeout=10m0s - base.go:37
2026/04/23 10:46:51.244739 [22;36m INFO [0m   bininfo: GitTag=unknown. GitCommitLog=unknown. GitStatus=unknown. BuildTime=unknown. GoVersion=unknown. runtime=windows/amd64. - base.go:38
2026/04/23 10:46:51.244739 [22;36m INFO [0m   version: lal v0.37.4 (github.com/q191201771/lal) - base.go:39
2026/04/23 10:46:51.244739 [22;36m INFO [0m    github: https://github.com/q191201771/lal - base.go:40
2026/04/23 10:46:51.244739 [22;36m INFO [0m       doc: https://pengrl.com/lal - base.go:41
2026/04/23 10:46:51.245259 [22;36m INFO [0mlalmax http listen. addr=:52349 - server.go:103
2026/04/23 10:46:51.245259 [22;36m INFO [0m[GROUP1] lifecycle new group. group=0xc000113888, appName=, streamName=test - group__.go:185
2026/04/23 10:46:51.245259 [22;36m INFO [0m[CUSTOMIZEPUB1] NewCustomizePubSessionContext. - customize_pubsession.go:42
2026/04/23 10:46:51.245259 [22;34mDEBUG [0m[GROUP1] [CUSTOMIZEPUB1] add customize pub session into group. - group__in.go:33
2026/04/23 10:46:51.245259 [22;36m INFO [0mcreate group, uniqueKey:, streamKey:test - group.go:108
2026/04/23 10:46:51.245259 [22;36m INFO [0mSetGroup, streamKey:test - group_manager.go:105
2026/04/23 10:46:51.245779 [22;36m INFO [0mAddSubscriber, streamKey:test, subscriberId:consumer1, protocol:LALMAX - group.go:237
2026/04/23 10:46:51.245779 [22;36m INFO [0m[GROUP2] lifecycle new group. group=0xc000113c08, appName=, streamName=notify_test - group__.go:185
2026/04/23 10:46:51.245779 [22;36m INFO [0m[CUSTOMIZEPUB2] NewCustomizePubSessionContext. - customize_pubsession.go:42
2026/04/23 10:46:51.245779 [22;34mDEBUG [0m[GROUP2] [CUSTOMIZEPUB2] add customize pub session into group. - group__in.go:33
2026/04/23 10:46:51.245779 [22;36m INFO [0mcreate group, uniqueKey:, streamKey:notify_test - group.go:108
2026/04/23 10:46:51.245779 [22;36m INFO [0mSetGroup, streamKey:notify_test - group_manager.go:105
2026/04/23 10:46:51.245779 [22;36m INFO [0mAddSubscriber, streamKey:notify_test, subscriberId:consumer_notify, protocol:LALMAX - group.go:237
2026/04/23 10:46:51.246301 [22;31mERROR [0mhttp notify post error. err=Post "http://127.0.0.1:55559/on_update": dial tcp 127.0.0.1:55559: connectex: No connection could be made because the target machine actively refused it., url=http://127.0.0.1:55559/on_update, info={EventCommonInfo:{ServerId:} Groups:[]} - http_notify.go:216
2026/04/23 10:46:54.246259 [22;36m INFO [0mhttp api start rtp pub. req info={StreamName:rtp_pub_test Port:0 TimeoutMs:0 IsTcpFlag:0 DebugDumpPacket:} - router.go:245
2026/04/23 10:46:54.246564 [22;36m INFO [0mhttp api stop rtp pub. stream_name=rtp_pub_test, session_id= - router.go:271
2026/04/23 10:56:11.867506 [22;36m INFO [0minitial log succ. - config.go:249
2026/04/23 10:56:11.867506 [22;36m INFO [0m
    __    ___    __
   / /   /   |  / /
  / /   / /| | / /
 / /___/ ___ |/ /___
/_____/_/  |_/_____/
 - config.go:252
2026/04/23 10:56:11.867506 [22;33m WARN [0mconfig version invalid. conf version of lalserver=v0.4.1, conf version of config file= - config.go:262
2026/04/23 10:56:11.867506 [22;33m WARN [0mconfig some fields do not exist which have been set to the zero value. fields=[conf_version rtmp.addr rtmp.rtmps_enable rtmp.rtmps_addr rtmp.rtmps_cert_file rtmp.rtmps_key_file rtmp.gop_num rtmp.single_gop_max_frame_num rtmp.merge_write_size in_session.add_dummy_audio_enable in_session.add_dummy_audio_wait_audio_ms httpflv.enable httpflv.enable_https httpflv.url_pattern httpflv.gop_num httpflv.single_gop_max_frame_num hls.enable hls.enable_https hls.url_pattern hls.use_memory_as_disk_flag hls.out_path hls.fragment_duration_ms hls.fragment_num hls.delete_threshold hls.cleanup_mode hls.sub_session_timeout_ms hls.sub_session_hash_key httpts.enable httpts.enable_https httpts.url_pattern httpts.gop_num httpts.single_gop_max_frame_num rtsp.addr rtsp.rtsps_enable rtsp.rtsps_addr rtsp.rtsps_cert_file rtsp.rtsps_key_file rtsp.out_wait_key_frame_flag rtsp.ws_rtsp_enable rtsp.ws_rtsp_addr rtsp.auth_enable rtsp.auth_method rtsp.username rtsp.password record.enable_flv record.flv_out_path record.enable_mpegts record.mpegts_out_path relay_push.enable relay_push.addr_list static_relay_pull.enable static_relay_pull.addr http_api.addr server_id http_notify.enable http_notify.update_interval_sec http_notify.on_server_start http_notify.on_update http_notify.on_pub_start http_notify.on_pub_stop http_notify.on_sub_start http_notify.on_sub_stop http_notify.on_relay_pull_start http_notify.on_relay_pull_stop http_notify.on_rtmp_connect http_notify.on_hls_make_ts simple_auth.key simple_auth.dangerous_lal_secret simple_auth.pub_rtmp_enable simple_auth.sub_rtmp_enable simple_auth.sub_httpflv_enable simple_auth.sub_httpts_enable simple_auth.pub_rtsp_enable simple_auth.sub_rtsp_enable simple_auth.hls_m3u8_enable pprof.addr debug.log_group_interval_sec debug.log_group_max_group_num debug.log_group_max_sub_num_per_group] - config.go:278
2026/04/23 10:56:11.867506 [22;33m WARN [0mconfig some log fields do not exist which have been set to default value. log.level=LevelDebug, log.filename=./logs/lalserver.log, log.is_to_stdout=true, log.is_rotate_daily=true, log.short_file_flag=true, log.timestamp_flag=true, log.timestamp_with_ms_flag=true, log.level_flag=true, log.assert_behavior=AssertError - config.go:283
2026/04/23 10:56:11.867506 [22;36m INFO [0mload conf succ. raw content={"rtmp":{"enable":false},"rtsp":{"enable":false},"http_api":{"enable":false},"pprof":{"enable":false}} parsed=&{ConfVersion: RtmpConfig:{Enable:false Addr: RtmpsEnable:false RtmpsAddr: RtmpsCertFile: RtmpsKeyFile: GopNum:0 SingleGopMaxFrameNum:0 MergeWriteSize:0} InSessionConfig:{AddDummyAudioEnable:false AddDummyAudioWaitAudioMs:0} DefaultHttpConfig:{CommonHttpAddrConfig:{HttpListenAddr: HttpsListenAddr: HttpsCertFile: HttpsKeyFile:}} HttpflvConfig:{CommonHttpServerConfig:{CommonHttpAddrConfig:{HttpListenAddr: HttpsListenAddr: HttpsCertFile: HttpsKeyFile:} Enable:false EnableHttps:false UrlPattern:} GopNum:0 SingleGopMaxFrameNum:0} HlsConfig:{CommonHttpServerConfig:{CommonHttpAddrConfig:{HttpListenAddr: HttpsListenAddr: HttpsCertFile: HttpsKeyFile:} Enable:false EnableHttps:false UrlPattern:} UseMemoryAsDiskFlag:false MuxerConfig:{OutPath: FragmentDurationMs:0 FragmentNum:0 DeleteThreshold:0 CleanupMode:0} SubSessionTimeoutMs:0 SubSessionHashKey:} HttptsConfig:{CommonHttpServerConfig:{CommonHttpAddrConfig:{HttpListenAddr: HttpsListenAddr: HttpsCertFile: HttpsKeyFile:} Enable:false EnableHttps:false UrlPattern:} GopNum:0 SingleGopMaxFrameNum:0} RtspConfig:{Enable:false Addr: RtspsEnable:false RtspsAddr: RtspsCertFile: RtspsKeyFile: OutWaitKeyFrameFlag:false WsRtspEnable:false WsRtspAddr: ServerAuthConfig:{AuthEnable:false AuthMethod:0 UserName: PassWord:}} RecordConfig:{EnableFlv:false FlvOutPath: EnableMpegts:false MpegtsOutPath:} RelayPushConfig:{Enable:false AddrList:[]} StaticRelayPullConfig:{Enable:false Addr:} HttpApiConfig:{Enable:false Addr:} ServerId: HttpNotifyConfig:{Enable:false UpdateIntervalSec:0 OnServerStart: OnUpdate: OnPubStart: OnPubStop: OnSubStart: OnSubStop: OnRelayPullStart: OnRelayPullStop: OnRtmpConnect: OnHlsMakeTs:} SimpleAuthConfig:{Key: DangerousLalSecret: PubRtmpEnable:false SubRtmpEnable:false SubHttpflvEnable:false SubHttptsEnable:false PubRtspEnable:false SubRtspEnable:false HlsM3u8Enable:false} PprofConfig:{Enable:false Addr:} LogConfig:{Level:1 Filename:./logs/lalserver.log IsToStdout:true IsRotateDaily:true IsRotateHourly:false ShortFileFlag:true TimestampFlag:true TimestampWithMsFlag:true LevelFlag:true AssertBehavior:1 HookBackendOutFn:<nil>} DebugConfig:{LogGroupIntervalSec:0 LogGroupMaxGroupNum:0 LogGroupMaxSubNumPerGroup:0}} - config.go:346
2026/04/23 10:56:11.867506 [22;36m INFO [0m     start: 2026-04-23 10:56:11.849 - base.go:35
2026/04/23 10:56:11.867506 [22;36m INFO [0m        wd: F:\开源\go\lalmi\lalmax\server - base.go:36
2026/04/23 10:56:11.867506 [22;36m INFO [0m      args: C:\Users\ADMINI~1\AppData\Local\Temp\go-build3560235915\b364\server.test.exe -test.testlogfile=C:\Users\ADMINI~1\AppData\Local\Temp\go-build3560235915\b364\testlog.txt -test.paniconexit0 -test.timeout=10m0s - base.go:37
2026/04/23 10:56:11.867506 [22;36m INFO [0m   bininfo: GitTag=unknown. GitCommitLog=unknown. GitStatus=unknown. BuildTime=unknown. GoVersion=unknown. runtime=windows/amd64. - base.go:38
2026/04/23 10:56:11.867506 [22;36m INFO [0m   version: lal v0.37.4 (github.com/q191201771/lal) - base.go:39
2026/04/23 10:56:11.867506 [22;36m INFO [0m    github: https://github.com/q191201771/lal - base.go:40
2026/04/23 10:56:11.867506 [22;36m INFO [0m       doc: https://pengrl.com/lal - base.go:41
2026/04/23 10:56:11.867506 [22;36m INFO [0mlalmax http listen. addr=:52349 - server.go:103
2026/04/23 10:56:11.867506 [22;36m INFO [0m[GROUP1] lifecycle new group. group=0xc000091888, appName=, streamName=test - group__.go:185
2026/04/23 10:56:11.867506 [22;36m INFO [0m[CUSTOMIZEPUB1] NewCustomizePubSessionContext. - customize_pubsession.go:42
2026/04/23 10:56:11.867506 [22;34mDEBUG [0m[GROUP1] [CUSTOMIZEPUB1] add customize pub session into group. - group__in.go:33
2026/04/23 10:56:11.867506 [22;36m INFO [0mcreate group, uniqueKey:, streamKey:test - group.go:108
2026/04/23 10:56:11.867506 [22;36m INFO [0mSetGroup, streamKey:test - group_manager.go:105
2026/04/23 10:56:11.868976 [22;36m INFO [0mAddSubscriber, streamKey:test, subscriberId:consumer1, protocol:LALMAX - group.go:237
2026/04/23 10:56:11.868976 [22;36m INFO [0m[GROUP2] lifecycle new group. group=0xc000091c08, appName=, streamName=notify_test - group__.go:185
2026/04/23 10:56:11.868976 [22;36m INFO [0m[CUSTOMIZEPUB2] NewCustomizePubSessionContext. - customize_pubsession.go:42
2026/04/23 10:56:11.868976 [22;34mDEBUG [0m[GROUP2] [CUSTOMIZEPUB2] add customize pub session into group. - group__in.go:33
2026/04/23 10:56:11.868976 [22;36m INFO [0mcreate group, uniqueKey:, streamKey:notify_test - group.go:108
2026/04/23 10:56:11.868976 [22;36m INFO [0mSetGroup, streamKey:notify_test - group_manager.go:105
2026/04/23 10:56:11.868976 [22;36m INFO [0mAddSubscriber, streamKey:notify_test, subscriberId:consumer_notify, protocol:LALMAX - group.go:237
2026/04/23 10:56:11.868976 [22;31mERROR [0mhttp notify post error. err=Post "http://127.0.0.1:55559/on_update": dial tcp 127.0.0.1:55559: connectex: No connection could be made because the target machine actively refused it., url=http://127.0.0.1:55559/on_update, info={EventCommonInfo:{ServerId:} Groups:[]} - http_notify.go:216
2026/04/23 10:56:14.869938 [22;36m INFO [0mhttp api start rtp pub. req info={StreamName:rtp_pub_test Port:0 TimeoutMs:0 IsTcpFlag:0 DebugDumpPacket:} - router.go:245
2026/04/23 10:56:14.870245 [22;36m INFO [0mhttp api stop rtp pub. stream_name=rtp_pub_test, session_id= - router.go:271
